#
# A fatal error has been detected by the Java Runtime Environment:
#
#  Internal Error (os_linux_zero.cpp:285), pid=1284, tid=1382413408
#  fatal error: caught unhandled signal 7
#
# JRE version: OpenJDK Runtime Environment (7.0_121) (build 1.7.0_121-b00)
# Java VM: OpenJDK Zero VM (24.121-b00 interpreted mode linux-arm )
# Derivative: IcedTea 2.6.8
# Distribution: Raspbian GNU/Linux 8.0 (jessie), package 7u121-2.6.8-2~deb8u1+rpi1
# Failed to write core dump. Core dumps have been disabled. To enable core dumping, try "ulimit -c unlimited" before starting Java again
#
# If you would like to submit a bug report, please include
# instructions on how to reproduce the bug and visit:
#   http://icedtea.classpath.org/bugzilla
# The crash happened outside the Java Virtual Machine in native code.
# See problematic frame for where to report the bug.
#

---------------  T H R E A D  ---------------

Current thread (0x00557c98):  JavaThread "Thread-2" [_thread_in_native, id=1302, stack(0x524c0000,0x52660000)]

Stack: [0x524c0000,0x52660000],  sp=0x52591b1c,  free space=838k
Java frames:
 0x5265e52c: unboxed parameter[3]  = 0x5265e594
 0x5265e530: parameter[0] (JNIEnv) = 0x52592600
 0x5265e534: parameter[1] (mirror) = 0x525925f4
 0x5265e538: parameter[2]          = 0x5265e598
 0x5265e53c: parameter[3]          = 0x5265e52c
 0x5265e540: parameter[4]          = 0x5265e590
 0x5265e544: istate->_thread       = 0x00557c98
 0x5265e548: istate->_bcp          = 0x00000000
 0x5265e54c: istate->_locals       = 0x5265e59c
 0x5265e550: istate->_constants    = 0x703944e0
 0x5265e554: istate->_method       = java.util.zip.ZipFile.getEntry(J[BZ)J
 0x5265e558: istate->_mdx          = 0x00000000
 0x5265e55c: istate->_stack        = 0x5265e540
 0x5265e560: istate->_msg          = 0x00000002
 0x5265e564: istate->_result       = 0x00000000
 0x5265e568: (istate->_result)     = 0x5265e528
 0x5265e56c: (istate->_result)     = 0x00000002
 0x5265e570: istate->_prev_link    = 0x00000000
 0x5265e574: istate->_oop_temp     = 0x5e31c668
 0x5265e578: istate->_stack_base   = 0x5265e544
 0x5265e57c: istate->_stack_limit  = 0x5265e540
 0x5265e580: istate->_monitor_base = 0x5265e544
 0x5265e584: istate->_self_link    = 0x5265e544
 0x5265e588: frame_type            = INTERPRETER_FRAME
 0x5265e58c: next_frame            = 0x5265e5f0

 0x5265e590: local[3]              = 0x00000001
 0x5265e594: local[2]              = 0x55335480
 0x5265e598: local[1]              = 0x76492e50
 0x5265e59c: local[0]              = 0x00000000
 0x5265e5a0: monitor[0]->_lock     = 0x00000009
 0x5265e5a4: monitor[0]->_obj      = 0x5e3052f0
 0x5265e5a8: istate->_thread       = 0x00557c98
 0x5265e5ac: istate->_bcp          = 0x70391f6e (bci 38)
 0x5265e5b0: istate->_locals       = 0x5265e60c
 0x5265e5b4: istate->_constants    = 0x703944e0
 0x5265e5b8: istate->_method       = java.util.zip.ZipFile.getEntry(Ljava/lang/String;)Ljava/util/zip/ZipEntry;
 0x5265e5bc: istate->_mdx          = 0x00000000
 0x5265e5c0: istate->_stack        = 0x5265e58c
 0x5265e5c4: istate->_msg          = 0x00000008
 0x5265e5c8: istate->_result       = 0x70392080
 0x5265e5cc: (istate->_result)     = 0x743b217c
 0x5265e5d0: (istate->_result)     = 0x00000003
 0x5265e5d4: istate->_prev_link    = 0x00000000
 0x5265e5d8: istate->_oop_temp     = 0x00000000
 0x5265e5dc: istate->_stack_base   = 0x5265e5a0
 0x5265e5e0: istate->_stack_limit  = 0x5265e584
 0x5265e5e4: istate->_monitor_base = 0x5265e5a8
 0x5265e5e8: istate->_self_link    = 0x5265e5a8
 0x5265e5ec: frame_type            = INTERPRETER_FRAME
 0x5265e5f0: next_frame            = 0x5265e658

 0x5265e5f4: local[6]              = 0x00000000
 0x5265e5f8: local[5]              = 0x00000000
 0x5265e5fc: local[4]              = 0x5e3052f0
 0x5265e600: local[3]              = 0x00000000
 0x5265e604: local[2]              = 0x00000000
 0x5265e608: local[1]              = 0x55335330
 0x5265e60c: local[0]              = 0x5e3052f0
 0x5265e610: istate->_thread       = 0x00557c98
 0x5265e614: istate->_bcp          = 0x7038f04a (bci 2)
 0x5265e618: istate->_locals       = 0x5265e664
 0x5265e61c: istate->_constants    = 0x70394b30
 0x5265e620: istate->_method       = java.util.jar.JarFile.getEntry(Ljava/lang/String;)Ljava/util/zip/ZipEntry;
 0x5265e624: istate->_mdx          = 0x00000000
 0x5265e628: istate->_stack        = 0x5265e604
 0x5265e62c: istate->_msg          = 0x00000008
 0x5265e630: istate->_result       = 0x70392000
 0x5265e634: (istate->_result)     = 0x743b2140
 0x5265e638: (istate->_result)     = 0x00000003
 0x5265e63c: istate->_prev_link    = 0x00000000
 0x5265e640: istate->_oop_temp     = 0x00000000
 0x5265e644: istate->_stack_base   = 0x5265e610
 0x5265e648: istate->_stack_limit  = 0x5265e5f4
 0x5265e64c: istate->_monitor_base = 0x5265e610
 0x5265e650: istate->_self_link    = 0x5265e610
 0x5265e654: frame_type            = INTERPRETER_FRAME
 0x5265e658: next_frame            = 0x5265e6b0

 0x5265e65c: local[2]              = 0x00000000
 0x5265e660: local[1]              = 0x55335330
 0x5265e664: local[0]              = 0x5e3052f0
 0x5265e668: istate->_thread       = 0x00557c98
 0x5265e66c: istate->_bcp          = 0x7038efa2 (bci 2)
 0x5265e670: istate->_locals       = 0x5265e6b8
 0x5265e674: istate->_constants    = 0x70394b30
 0x5265e678: istate->_method       = java.util.jar.JarFile.getJarEntry(Ljava/lang/String;)Ljava/util/jar/JarEntry;
 0x5265e67c: istate->_mdx          = 0x00000000
 0x5265e680: istate->_stack        = 0x5265e65c
 0x5265e684: istate->_msg          = 0x00000008
 0x5265e688: istate->_result       = 0x7038f090
 0x5265e68c: (istate->_result)     = 0x743b2140
 0x5265e690: (istate->_result)     = 0x00000003
 0x5265e694: istate->_prev_link    = 0x00000000
 0x5265e698: istate->_oop_temp     = 0x00000000
 0x5265e69c: istate->_stack_base   = 0x5265e668
 0x5265e6a0: istate->_stack_limit  = 0x5265e654
 0x5265e6a4: istate->_monitor_base = 0x5265e668
 0x5265e6a8: istate->_self_link    = 0x5265e668
 0x5265e6ac: frame_type            = INTERPRETER_FRAME
 0x5265e6b0: next_frame            = 0x5265e704

 0x5265e6b4: local[1]              = 0x55335330
 0x5265e6b8: local[0]              = 0x5e3052f0
 0x5265e6bc: istate->_thread       = 0x00557c98
 0x5265e6c0: istate->_bcp          = 0x703c26f8 (bci 48)
 0x5265e6c4: istate->_locals       = 0x5265e718
 0x5265e6c8: istate->_constants    = 0x703c4420
 0x5265e6cc: istate->_method       = sun.misc.URLClassPath$JarLoader.getResource(Ljava/lang/String;Z)Lsun/misc/Resource;
 0x5265e6d0: istate->_mdx          = 0x00000000
 0x5265e6d4: istate->_stack        = 0x5265e6b0
 0x5265e6d8: istate->_msg          = 0x00000008
 0x5265e6dc: istate->_result       = 0x7038efc8
 0x5265e6e0: (istate->_result)     = 0x743b2140
 0x5265e6e4: (istate->_result)     = 0x00000003
 0x5265e6e8: istate->_prev_link    = 0x00000000
 0x5265e6ec: istate->_oop_temp     = 0x00000000
 0x5265e6f0: istate->_stack_base   = 0x5265e6bc
 0x5265e6f4: istate->_stack_limit  = 0x5265e6a0
 0x5265e6f8: istate->_monitor_base = 0x5265e6bc
 0x5265e6fc: istate->_self_link    = 0x5265e6bc
 0x5265e700: frame_type            = INTERPRETER_FRAME
 0x5265e704: next_frame            = 0x5265e764

 0x5265e708: local[4]              = 0x00000000
 0x5265e70c: local[3]              = 0x00000000
 0x5265e710: local[2]              = 0x00000000
 0x5265e714: local[1]              = 0x55335330
 0x5265e718: local[0]              = 0x5e325510
 0x5265e71c: istate->_thread       = 0x00557c98
 0x5265e720: istate->_bcp          = 0x70386455 (bci 53)
 0x5265e724: istate->_locals       = 0x5265e77c
 0x5265e728: istate->_constants    = 0x70387520
 0x5265e72c: istate->_method       = sun.misc.URLClassPath.getResource(Ljava/lang/String;Z)Lsun/misc/Resource;
 0x5265e730: istate->_mdx          = 0x00000000
 0x5265e734: istate->_stack        = 0x5265e70c
 0x5265e738: istate->_msg          = 0x00000008
 0x5265e73c: istate->_result       = 0x703c2790
 0x5265e740: (istate->_result)     = 0x743b2140
 0x5265e744: (istate->_result)     = 0x00000003
 0x5265e748: istate->_prev_link    = 0x00000000
 0x5265e74c: istate->_oop_temp     = 0x00000000
 0x5265e750: istate->_stack_base   = 0x5265e71c
 0x5265e754: istate->_stack_limit  = 0x5265e704
 0x5265e758: istate->_monitor_base = 0x5265e71c
 0x5265e75c: istate->_self_link    = 0x5265e71c
 0x5265e760: frame_type            = INTERPRETER_FRAME
 0x5265e764: next_frame            = 0x5265e7c8

 0x5265e768: local[5]              = 0x00000000
 0x5265e76c: local[4]              = 0x00000000
 0x5265e770: local[3]              = 0x5e325510
 0x5265e774: local[2]              = 0x00000000
 0x5265e778: local[1]              = 0x55335330
 0x5265e77c: local[0]              = 0x5e325a60
 0x5265e780: istate->_thread       = 0x00557c98
 0x5265e784: istate->_bcp          = 0x703bff92 (bci 26)
 0x5265e788: istate->_locals       = 0x5265e7d8
 0x5265e78c: istate->_constants    = 0x703c0270
 0x5265e790: istate->_method       = java.net.URLClassLoader$1.run()Ljava/lang/Class;
 0x5265e794: istate->_mdx          = 0x00000000
 0x5265e798: istate->_stack        = 0x5265e770
 0x5265e79c: istate->_msg          = 0x00000008
 0x5265e7a0: istate->_result       = 0x703864c8
 0x5265e7a4: (istate->_result)     = 0x743b2140
 0x5265e7a8: (istate->_result)     = 0x00000003
 0x5265e7ac: istate->_prev_link    = 0x00000000
 0x5265e7b0: istate->_oop_temp     = 0x00000000
 0x5265e7b4: istate->_stack_base   = 0x5265e780
 0x5265e7b8: istate->_stack_limit  = 0x5265e764
 0x5265e7bc: istate->_monitor_base = 0x5265e780
 0x5265e7c0: istate->_self_link    = 0x5265e780
 0x5265e7c4: frame_type            = INTERPRETER_FRAME
 0x5265e7c8: next_frame            = 0x5265e824

 0x5265e7cc: local[3]              = 0x00000000
 0x5265e7d0: local[2]              = 0x00000000
 0x5265e7d4: local[1]              = 0x55335330
 0x5265e7d8: local[0]              = 0x55335218
 0x5265e7dc: istate->_thread       = 0x00557c98
 0x5265e7e0: istate->_bcp          = 0x703c0091 (bci 1)
 0x5265e7e4: istate->_locals       = 0x5265e828
 0x5265e7e8: istate->_constants    = 0x703c0270
 0x5265e7ec: istate->_method       = java.net.URLClassLoader$1.run()Ljava/lang/Object;
 0x5265e7f0: istate->_mdx          = 0x00000000
 0x5265e7f4: istate->_stack        = 0x5265e7d4
 0x5265e7f8: istate->_msg          = 0x00000008
 0x5265e7fc: istate->_result       = 0x703c0010
 0x5265e800: (istate->_result)     = 0x743b2140
 0x5265e804: (istate->_result)     = 0x00000003
 0x5265e808: istate->_prev_link    = 0x00000000
 0x5265e80c: istate->_oop_temp     = 0x00000000
 0x5265e810: istate->_stack_base   = 0x5265e7dc
 0x5265e814: istate->_stack_limit  = 0x5265e7cc
 0x5265e818: istate->_monitor_base = 0x5265e7dc
 0x5265e81c: istate->_self_link    = 0x5265e7dc
 0x5265e820: frame_type            = INTERPRETER_FRAME
 0x5265e824: next_frame            = 0x5265e834

 0x5265e828: local[0]              = 0x55335218
 0x5265e82c: call_wrapper          = 0x525929dc
 0x5265e830: frame_type            = ENTRY_FRAME
 0x5265e834: next_frame            = 0x5265e898

 0x5265e838: unboxed parameter[3]  = 0x5265e89c
 0x5265e83c: unboxed parameter[2]  = 0x5265e8a0
 0x5265e840: parameter[0] (JNIEnv) = 0x52592c58
 0x5265e844: parameter[1] (mirror) = 0x52592c4c
 0x5265e848: parameter[2]          = 0x5265e83c
 0x5265e84c: parameter[3]          = 0x5265e838
 0x5265e850: istate->_thread       = 0x00557c98
 0x5265e854: istate->_bcp          = 0x00000000
 0x5265e858: istate->_locals       = 0x5265e8a0
 0x5265e85c: istate->_constants    = 0x7028e760
 0x5265e860: istate->_method       = java.security.AccessController.doPrivileged(Ljava/security/PrivilegedExceptionAction;Ljava/security/AccessControlContext;)Ljava/lang/Object;
 0x5265e864: istate->_mdx          = 0x00000000
 0x5265e868: istate->_stack        = 0x5265e84c
 0x5265e86c: istate->_msg          = 0x00000002
 0x5265e870: istate->_result       = 0x00000000
 0x5265e874: (istate->_result)     = 0x00000000
 0x5265e878: (istate->_result)     = 0x00000000
 0x5265e87c: istate->_prev_link    = 0x00000000
 0x5265e880: istate->_oop_temp     = 0x5e305368
 0x5265e884: istate->_stack_base   = 0x5265e850
 0x5265e888: istate->_stack_limit  = 0x5265e84c
 0x5265e88c: istate->_monitor_base = 0x5265e850
 0x5265e890: istate->_self_link    = 0x5265e850
 0x5265e894: frame_type            = INTERPRETER_FRAME
 0x5265e898: next_frame            = 0x5265e8ec

 0x5265e89c: local[1]              = 0x5e305298
 0x5265e8a0: local[0]              = 0x55335218
 0x5265e8a4: istate->_thread       = 0x00557c98
 0x5265e8a8: istate->_bcp          = 0x70351ded (bci 13)
 0x5265e8ac: istate->_locals       = 0x5265e8f8
 0x5265e8b0: istate->_constants    = 0x70354028
 0x5265e8b4: istate->_method       = java.net.URLClassLoader.findClass(Ljava/lang/String;)Ljava/lang/Class;
 0x5265e8b8: istate->_mdx          = 0x00000000
 0x5265e8bc: istate->_stack        = 0x5265e898
 0x5265e8c0: istate->_msg          = 0x00000008
 0x5265e8c4: istate->_result       = 0x7028e158
 0x5265e8c8: (istate->_result)     = 0x743b217c
 0x5265e8cc: (istate->_result)     = 0x00000003
 0x5265e8d0: istate->_prev_link    = 0x00000000
 0x5265e8d4: istate->_oop_temp     = 0x00000000
 0x5265e8d8: istate->_stack_base   = 0x5265e8a4
 0x5265e8dc: istate->_stack_limit  = 0x5265e888
 0x5265e8e0: istate->_monitor_base = 0x5265e8a4
 0x5265e8e4: istate->_self_link    = 0x5265e8a4
 0x5265e8e8: frame_type            = INTERPRETER_FRAME
 0x5265e8ec: next_frame            = 0x5265e94c

 0x5265e8f0: local[2]              = 0x00000000
 0x5265e8f4: local[1]              = 0x55334260
 0x5265e8f8: local[0]              = 0x5e305228
 0x5265e8fc: monitor[0]->_lock     = 0x00000001
 0x5265e900: monitor[0]->_obj      = 0x553342e8
 0x5265e904: istate->_thread       = 0x00557c98
 0x5265e908: istate->_bcp          = 0x702139f6 (bci 70)
 0x5265e90c: istate->_locals       = 0x5265e974
 0x5265e910: istate->_constants    = 0x70286898
 0x5265e914: istate->_method       = java.lang.ClassLoader.loadClass(Ljava/lang/String;Z)Ljava/lang/Class;
 0x5265e918: istate->_mdx          = 0x00000000
 0x5265e91c: istate->_stack        = 0x5265e8f0
 0x5265e920: istate->_msg          = 0x00000008
 0x5265e924: istate->_result       = 0x70351e40
 0x5265e928: (istate->_result)     = 0x743b2140
 0x5265e92c: (istate->_result)     = 0x00000003
 0x5265e930: istate->_prev_link    = 0x00000000
 0x5265e934: istate->_oop_temp     = 0x00000000
 0x5265e938: istate->_stack_base   = 0x5265e8fc
 0x5265e93c: istate->_stack_limit  = 0x5265e8dc
 0x5265e940: istate->_monitor_base = 0x5265e904
 0x5265e944: istate->_self_link    = 0x5265e904
 0x5265e948: frame_type            = INTERPRETER_FRAME
 0x5265e94c: next_frame            = 0x5265e9c0

 0x5265e950: local[9]              = 0x00000000
 0x5265e954: local[8]              = 0x3364771e
 0x5265e958: local[7]              = 0x00000597
 0x5265e95c: local[6]              = 0x334dd3a7
 0x5265e960: local[5]              = 0x00000597
 0x5265e964: local[4]              = 0x00000000
 0x5265e968: local[3]              = 0x553342e8
 0x5265e96c: local[2]              = 0x00000000
 0x5265e970: local[1]              = 0x55334260
 0x5265e974: local[0]              = 0x5e305228
 0x5265e978: istate->_thread       = 0x00557c98
 0x5265e97c: istate->_bcp          = 0x703892ac (bci 36)
 0x5265e980: istate->_locals       = 0x5265e9d4
 0x5265e984: istate->_constants    = 0x703898b0
 0x5265e988: istate->_method       = sun.misc.Launcher$AppClassLoader.loadClass(Ljava/lang/String;Z)Ljava/lang/Class;
 0x5265e98c: istate->_mdx          = 0x00000000
 0x5265e990: istate->_stack        = 0x5265e968
 0x5265e994: istate->_msg          = 0x00000008
 0x5265e998: istate->_result       = 0x70213ab0
 0x5265e99c: (istate->_result)     = 0x743b2140
 0x5265e9a0: (istate->_result)     = 0x00000003
 0x5265e9a4: istate->_prev_link    = 0x00000000
 0x5265e9a8: istate->_oop_temp     = 0x00000000
 0x5265e9ac: istate->_stack_base   = 0x5265e978
 0x5265e9b0: istate->_stack_limit  = 0x5265e95c
 0x5265e9b4: istate->_monitor_base = 0x5265e978
 0x5265e9b8: istate->_self_link    = 0x5265e978
 0x5265e9bc: frame_type            = INTERPRETER_FRAME
 0x5265e9c0: next_frame            = 0x5265ea20

 0x5265e9c4: local[4]              = 0x00000000
 0x5265e9c8: local[3]              = 0x0000001f
 0x5265e9cc: local[2]              = 0x00000000
 0x5265e9d0: local[1]              = 0x55334260
 0x5265e9d4: local[0]              = 0x5e305228
 0x5265e9d8: istate->_thread       = 0x00557c98
 0x5265e9dc: istate->_bcp          = 0x70213903 (bci 3)
 0x5265e9e0: istate->_locals       = 0x5265ea28
 0x5265e9e4: istate->_constants    = 0x70286898
 0x5265e9e8: istate->_method       = java.lang.ClassLoader.loadClass(Ljava/lang/String;)Ljava/lang/Class;
 0x5265e9ec: istate->_mdx          = 0x00000000
 0x5265e9f0: istate->_stack        = 0x5265e9c8
 0x5265e9f4: istate->_msg          = 0x00000008
 0x5265e9f8: istate->_result       = 0x70389300
 0x5265e9fc: (istate->_result)     = 0x743b2140
 0x5265ea00: (istate->_result)     = 0x00000003
 0x5265ea04: istate->_prev_link    = 0x00000000
 0x5265ea08: istate->_oop_temp     = 0x00000000
 0x5265ea0c: istate->_stack_base   = 0x5265e9d8
 0x5265ea10: istate->_stack_limit  = 0x5265e9c0
 0x5265ea14: istate->_monitor_base = 0x5265e9d8
 0x5265ea18: istate->_self_link    = 0x5265e9d8
 0x5265ea1c: frame_type            = INTERPRETER_FRAME
 0x5265ea20: next_frame            = 0x5265ea34

 0x5265ea24: local[1]              = 0x55334260
 0x5265ea28: local[0]              = 0x5e305228
 0x5265ea2c: call_wrapper          = 0x52592ee4
 0x5265ea30: frame_type            = ENTRY_FRAME
 0x5265ea34: next_frame            = 0x5265eaa0

 0x5265ea38: local[7]              = 0x5265e9e4
 0x5265ea3c: local[6]              = 0x5265ea00
 0x5265ea40: local[5]              = 0x5265ea00
 0x5265ea44: local[4]              = 0x00000002
 0x5265ea48: local[3]              = 0x5265eaa0
 0x5265ea4c: local[2]              = 0x00000000
 0x5265ea50: local[1]              = 0x55334008
 0x5265ea54: local[0]              = 0x556206b8
 0x5265ea58: istate->_thread       = 0x00557c98
 0x5265ea5c: istate->_bcp          = 0x706f6bec (bci 84)
 0x5265ea60: istate->_locals       = 0x5265eab0
 0x5265ea64: istate->_constants    = 0x706f82b0
 0x5265ea68: istate->_method       = org.eclipse.leshan.client.servers.RegistrationEngine.deregister()Z
 0x5265ea6c: istate->_mdx          = 0x00000000
 0x5265ea70: istate->_stack        = 0x5265ea48
 0x5265ea74: istate->_msg          = 0x00000003
 0x5265ea78: istate->_result       = 0x70762240
 0x5265ea7c: (istate->_result)     = 0x743b2140
 0x5265ea80: (istate->_result)     = 0x00000003
 0x5265ea84: istate->_prev_link    = 0x00000000
 0x5265ea88: istate->_oop_temp     = 0x00000000
 0x5265ea8c: istate->_stack_base   = 0x5265ea58
 0x5265ea90: istate->_stack_limit  = 0x5265ea34
 0x5265ea94: istate->_monitor_base = 0x5265ea58
 0x5265ea98: istate->_self_link    = 0x5265ea58
 0x5265ea9c: frame_type            = INTERPRETER_FRAME
 0x5265eaa0: next_frame            = 0x5265eafc

 0x5265eaa4: local[3]              = 0x00000000
 0x5265eaa8: local[2]              = 0x55332f18
 0x5265eaac: local[1]              = 0x55332570
 0x5265eab0: local[0]              = 0x55620650
 0x5265eab4: istate->_thread       = 0x00557c98
 0x5265eab8: istate->_bcp          = 0x706f73cf (bci 31)
 0x5265eabc: istate->_locals       = 0x5265eb08
 0x5265eac0: istate->_constants    = 0x706f82b0
 0x5265eac4: istate->_method       = org.eclipse.leshan.client.servers.RegistrationEngine.destroy(Z)V
 0x5265eac8: istate->_mdx          = 0x00000000
 0x5265eacc: istate->_stack        = 0x5265eaac
 0x5265ead0: istate->_msg          = 0x00000008
 0x5265ead4: istate->_result       = 0x706f6d18
 0x5265ead8: (istate->_result)     = 0x743b2140
 0x5265eadc: (istate->_result)     = 0x00000003
 0x5265eae0: istate->_prev_link    = 0x00000000
 0x5265eae4: istate->_oop_temp     = 0x00000000
 0x5265eae8: istate->_stack_base   = 0x5265eab4
 0x5265eaec: istate->_stack_limit  = 0x5265ea98
 0x5265eaf0: istate->_monitor_base = 0x5265eab4
 0x5265eaf4: istate->_self_link    = 0x5265eab4
 0x5265eaf8: frame_type            = INTERPRETER_FRAME
 0x5265eafc: next_frame            = 0x5265eb54

 0x5265eb00: local[2]              = 0x00000000
 0x5265eb04: local[1]              = 0x00000001
 0x5265eb08: local[0]              = 0x55620650
 0x5265eb0c: istate->_thread       = 0x00557c98
 0x5265eb10: istate->_bcp          = 0x70643f50 (bci 16)
 0x5265eb14: istate->_locals       = 0x5265eb5c
 0x5265eb18: istate->_constants    = 0x70649ab8
 0x5265eb1c: istate->_method       = org.eclipse.leshan.client.californium.LeshanClient.destroy(Z)V
 0x5265eb20: istate->_mdx          = 0x00000000
 0x5265eb24: istate->_stack        = 0x5265eb00
 0x5265eb28: istate->_msg          = 0x00000008
 0x5265eb2c: istate->_result       = 0x706f7408
 0x5265eb30: (istate->_result)     = 0x743b2140
 0x5265eb34: (istate->_result)     = 0x00000003
 0x5265eb38: istate->_prev_link    = 0x00000000
 0x5265eb3c: istate->_oop_temp     = 0x00000000
 0x5265eb40: istate->_stack_base   = 0x5265eb0c
 0x5265eb44: istate->_stack_limit  = 0x5265eaf8
 0x5265eb48: istate->_monitor_base = 0x5265eb0c
 0x5265eb4c: istate->_self_link    = 0x5265eb0c
 0x5265eb50: frame_type            = INTERPRETER_FRAME
 0x5265eb54: next_frame            = 0x5265eba8

 0x5265eb58: local[1]              = 0x00000001
 0x5265eb5c: local[0]              = 0x5e3c4550
 0x5265eb60: istate->_thread       = 0x00557c98
 0x5265eb64: istate->_bcp          = 0x704f3a75 (bci 5)
 0x5265eb68: istate->_locals       = 0x5265ebac
 0x5265eb6c: istate->_constants    = 0x70744448
 0x5265eb70: istate->_method       = org.eclipse.leshan.client.demo.LeshanClientDemo$1.run()V
 0x5265eb74: istate->_mdx          = 0x00000000
 0x5265eb78: istate->_stack        = 0x5265eb54
 0x5265eb7c: istate->_msg          = 0x00000008
 0x5265eb80: istate->_result       = 0x70643f90
 0x5265eb84: (istate->_result)     = 0x743b2140
 0x5265eb88: (istate->_result)     = 0x00000003
 0x5265eb8c: istate->_prev_link    = 0x00000000
 0x5265eb90: istate->_oop_temp     = 0x00000000
 0x5265eb94: istate->_stack_base   = 0x5265eb60
 0x5265eb98: istate->_stack_limit  = 0x5265eb4c
 0x5265eb9c: istate->_monitor_base = 0x5265eb60
 0x5265eba0: istate->_self_link    = 0x5265eb60
 0x5265eba4: frame_type            = INTERPRETER_FRAME
 0x5265eba8: next_frame            = 0x5265ebb8

 0x5265ebac: local[0]              = 0x556450b0
 0x5265ebb0: call_wrapper          = 0x5265ec4c
 0x5265ebb4: frame_type            = ENTRY_FRAME
 0x5265ebb8: next_frame            = 0x00000000


---------------  P R O C E S S  ---------------

Java Threads: ( => current thread )
=>0x00557c98 JavaThread "Thread-2" [_thread_in_native, id=1302, stack(0x524c0000,0x52660000)]
  0x54200788 JavaThread "SIGINT handler" daemon [_thread_blocked, id=1300, stack(0x52800000,0x529a0000)]
  0x535068e0 JavaThread "UDP-Sender-0.0.0.0/0.0.0.0:0[0]" daemon [_thread_blocked, id=1297, stack(0x52ce0000,0x52e80000)]
  0x53505300 JavaThread "UDP-Receiver-0.0.0.0/0.0.0.0:0[0]" daemon [_thread_in_native, id=1296, stack(0x52e80000,0x53020000)]
  0x53503d00 JavaThread "DTLS-Sender-0.0.0.0/0.0.0.0:48357" [_thread_blocked, id=1295, stack(0x53020000,0x531c0000)]
  0x53501d90 JavaThread "DTLS-Receiver-0.0.0.0/0.0.0.0:48357" [_thread_in_native, id=1294, stack(0x531c0000,0x53360000)]
  0x53500018 JavaThread "CoapServer#1" [_thread_blocked, id=1293, stack(0x53360000,0x53500000)]
  0x53e96f10 JavaThread "Timer-0" [_thread_blocked, id=1292, stack(0x536dc000,0x5387c000)]
  0x76476510 JavaThread "Service Thread" daemon [_thread_blocked, id=1290, stack(0x54060000,0x54200000)]
  0x76474b10 JavaThread "Signal Dispatcher" daemon [_thread_blocked, id=1289, stack(0x543d7000,0x54577000)]
  0x76463618 JavaThread "Finalizer" daemon [_thread_blocked, id=1288, stack(0x54860000,0x54a00000)]
  0x764620a0 JavaThread "Reference Handler" daemon [_thread_blocked, id=1287, stack(0x54b60000,0x54d00000)]
  0x76405a08 JavaThread "main" [_thread_in_native, id=1285, stack(0x765ae000,0x7674d000)]

Other Threads:
  0x7645f778 VMThread [stack: 0x54e99000,0x54f18000] [id=1286]
  0x764781a8 WatcherThread [stack: 0x54e19000,0x54e98000] [id=1291]

VM state:not at safepoint (normal execution)

VM Mutex/Monitor currently owned by a thread: None

Heap
 def new generation   total 4224K, used 1621K [0x55200000, 0x55680000, 0x5e200000)
  eden space 3840K,  32% used [0x55200000, 0x553354c8, 0x555c0000)
  from space 384K,  99% used [0x55620000, 0x5567fff8, 0x55680000)
  to   space 384K,   0% used [0x555c0000, 0x555c0000, 0x55620000)
 tenured generation   total 9216K, used 2574K [0x5e200000, 0x5eb00000, 0x70200000)
   the space 9216K,  27% used [0x5e200000, 0x5e483a20, 0x5e483c00, 0x5eb00000)
 compacting perm gen  total 5888K, used 5774K [0x70200000, 0x707c0000, 0x74200000)
   the space 5888K,  98% used [0x70200000, 0x707a3b08, 0x707a3c00, 0x707c0000)
No shared spaces configured.

Card table byte_map: [0x74239000,0x74332000] byte_map_base: 0x73f90000

Polling page: 0x76f54000

Code Cache  [0x743b2000, 0x743da000, 0x763b2000)
 total_blobs=97 nmethods=0 adapters=90 free_code_cache=32696Kb largest_free_block=33481664

Compilation events (0 events):
No events

GC Heap History (6 events):
Event: 2.725 GC heap before
{Heap before GC invocations=0 (full 0):
 def new generation   total 4224K, used 3839K [0x55200000, 0x55680000, 0x5e200000)
  eden space 3840K,  99% used [0x55200000, 0x555bff88, 0x555c0000)
  from space 384K,   0% used [0x555c0000, 0x555c0000, 0x55620000)
  to   space 384K,   0% used [0x55620000, 0x55620000, 0x55680000)
 tenured generation   total 9216K, used 0K [0x5e200000, 0x5eb00000, 0x70200000)
   the space 9216K,   0% used [0x5e200000, 0x5e200000, 0x5e200200, 0x5eb00000)
 compacting perm gen  total 4096K, used 3735K [0x70200000, 0x70600000, 0x74200000)
   the space 4096K,  91% used [0x70200000, 0x705a5cb8, 0x705a5e00, 0x70600000)
No shared spaces configured.
Event: 2.762 GC heap after
Heap after GC invocations=1 (full 0):
 def new generation   total 4224K, used 384K [0x55200000, 0x55680000, 0x5e200000)
  eden space 3840K,   0% used [0x55200000, 0x55200000, 0x555c0000)
  from space 384K, 100% used [0x55620000, 0x55680000, 0x55680000)
  to   space 384K,   0% used [0x555c0000, 0x555c0000, 0x55620000)
 tenured generation   total 9216K, used 1042K [0x5e200000, 0x5eb00000, 0x70200000)
   the space 9216K,  11% used [0x5e200000, 0x5e304ad8, 0x5e304c00, 0x5eb00000)
 compacting perm gen  total 4096K, used 3735K [0x70200000, 0x70600000, 0x74200000)
   the space 4096K,  91% used [0x70200000, 0x705a5cb8, 0x705a5e00, 0x70600000)
No shared spaces configured.
}
Event: 4.828 GC heap before
{Heap before GC invocations=1 (full 0):
 def new generation   total 4224K, used 4219K [0x55200000, 0x55680000, 0x5e200000)
  eden space 3840K,  99% used [0x55200000, 0x555bef40, 0x555c0000)
  from space 384K, 100% used [0x55620000, 0x55680000, 0x55680000)
  to   space 384K,   0% used [0x555c0000, 0x555c0000, 0x55620000)
 tenured generation   total 9216K, used 1042K [0x5e200000, 0x5eb00000, 0x70200000)
   the space 9216K,  11% used [0x5e200000, 0x5e304ad8, 0x5e304c00, 0x5eb00000)
 compacting perm gen  total 4608K, used 4391K [0x70200000, 0x70680000, 0x74200000)
   the space 4608K,  95% used [0x70200000, 0x70649e68, 0x7064a000, 0x70680000)
No shared spaces configured.
Event: 4.860 GC heap after
Heap after GC invocations=2 (full 0):
 def new generation   total 4224K, used 384K [0x55200000, 0x55680000, 0x5e200000)
  eden space 3840K,   0% used [0x55200000, 0x55200000, 0x555c0000)
  from space 384K, 100% used [0x555c0000, 0x55620000, 0x55620000)
  to   space 384K,   0% used [0x55620000, 0x55620000, 0x55680000)
 tenured generation   total 9216K, used 1808K [0x5e200000, 0x5eb00000, 0x70200000)
   the space 9216K,  19% used [0x5e200000, 0x5e3c4240, 0x5e3c4400, 0x5eb00000)
 compacting perm gen  total 4608K, used 4391K [0x70200000, 0x70680000, 0x74200000)
   the space 4608K,  95% used [0x70200000, 0x70649e68, 0x7064a000, 0x70680000)
No shared spaces configured.
}
Event: 6.067 GC heap before
{Heap before GC invocations=2 (full 0):
 def new generation   total 4224K, used 4223K [0x55200000, 0x55680000, 0x5e200000)
  eden space 3840K,  99% used [0x55200000, 0x555bff80, 0x555c0000)
  from space 384K, 100% used [0x555c0000, 0x55620000, 0x55620000)
  to   space 384K,   0% used [0x55620000, 0x55620000, 0x55680000)
 tenured generation   total 9216K, used 1808K [0x5e200000, 0x5eb00000, 0x70200000)
   the space 9216K,  19% used [0x5e200000, 0x5e3c4240, 0x5e3c4400, 0x5eb00000)
 compacting perm gen  total 5632K, used 5518K [0x70200000, 0x70780000, 0x74200000)
   the space 5632K,  97% used [0x70200000, 0x707639a0, 0x70763a00, 0x70780000)
No shared spaces configured.
Event: 6.101 GC heap after
Heap after GC invocations=3 (full 0):
 def new generation   total 4224K, used 383K [0x55200000, 0x55680000, 0x5e200000)
  eden space 3840K,   0% used [0x55200000, 0x55200000, 0x555c0000)
  from space 384K,  99% used [0x55620000, 0x5567fff8, 0x55680000)
  to   space 384K,   0% used [0x555c0000, 0x555c0000, 0x55620000)
 tenured generation   total 9216K, used 2574K [0x5e200000, 0x5eb00000, 0x70200000)
   the space 9216K,  27% used [0x5e200000, 0x5e483a20, 0x5e483c00, 0x5eb00000)
 compacting perm gen  total 5632K, used 5518K [0x70200000, 0x70780000, 0x74200000)
   the space 5632K,  97% used [0x70200000, 0x707639a0, 0x70763a00, 0x70780000)
No shared spaces configured.
}

Deoptimization events (0 events):
No events

Internal exceptions (10 events):
Event: 17.973 Thread 0x53500018 Threw 0x552c8438 at /build/openjdk-7-cw43ZM/openjdk-7-7u121-2.6.8/build/openjdk/hotspot/src/share/vm/prims/jvm.cpp:1322
Event: 17.979 Thread 0x53500018 Threw 0x552cc1b8 at /build/openjdk-7-cw43ZM/openjdk-7-7u121-2.6.8/build/openjdk/hotspot/src/share/vm/prims/jvm.cpp:1322
Event: 17.987 Thread 0x53500018 Threw 0x552d5928 at /build/openjdk-7-cw43ZM/openjdk-7-7u121-2.6.8/build/openjdk/hotspot/src/share/vm/prims/jvm.cpp:1322
Event: 17.993 Thread 0x53500018 Threw 0x552dadf0 at /build/openjdk-7-cw43ZM/openjdk-7-7u121-2.6.8/build/openjdk/hotspot/src/share/vm/prims/jvm.cpp:1322
Event: 18.001 Thread 0x53500018 Threw 0x552e17b0 at /build/openjdk-7-cw43ZM/openjdk-7-7u121-2.6.8/build/openjdk/hotspot/src/share/vm/prims/jvm.cpp:1322
Event: 18.006 Thread 0x53500018 Threw 0x552e4988 at /build/openjdk-7-cw43ZM/openjdk-7-7u121-2.6.8/build/openjdk/hotspot/src/share/vm/prims/jvm.cpp:1322
Event: 18.014 Thread 0x53500018 Threw 0x552eb658 at /build/openjdk-7-cw43ZM/openjdk-7-7u121-2.6.8/build/openjdk/hotspot/src/share/vm/prims/jvm.cpp:1322
Event: 33.828 Thread 0x54d10b28 Threw 0x552f5420 at /build/openjdk-7-cw43ZM/openjdk-7-7u121-2.6.8/build/openjdk/hotspot/src/share/vm/prims/jvm.cpp:1322
Event: 33.842 Thread 0x53500018 Threw 0x552f9b60 at /build/openjdk-7-cw43ZM/openjdk-7-7u121-2.6.8/build/openjdk/hotspot/src/share/vm/prims/jvm.cpp:1322
Event: 348.358 Thread 0x00557c98 Threw 0x55335100 at /build/openjdk-7-cw43ZM/openjdk-7-7u121-2.6.8/build/openjdk/hotspot/src/share/vm/prims/jvm.cpp:1322

Events (10 events):
Event: 348.340 loading class 0x53e73f78
Event: 348.341 loading class 0x53e73f78 done
Event: 348.341 loading class 0x53e73f48 done
Event: 348.341 Thread 0x005567a8 Thread added: 0x005567a8
Event: 348.342 Thread 0x00557c98 Thread added: 0x00557c98
Event: 348.344 Thread 0x005567a8 Thread exited: 0x005567a8
Event: 348.346 Thread 0x54d10b28 Thread exited: 0x54d10b28
Event: 348.346 Thread 0x53507ea0 Thread exited: 0x53507ea0
Event: 348.356 loading class 0x53ef9628
Event: 348.356 loading class 0x53ef9628 done


Dynamic libraries:
00010000-00011000 r-xp 00000000 b3:02 970200     /usr/lib/jvm/java-7-openjdk-armhf/jre/bin/java
00020000-00021000 r--p 00000000 b3:02 970200     /usr/lib/jvm/java-7-openjdk-armhf/jre/bin/java
00021000-00022000 rw-p 00001000 b3:02 970200     /usr/lib/jvm/java-7-openjdk-armhf/jre/bin/java
00553000-00574000 rw-p 00000000 00:00 0          [heap]
524c0000-524c3000 ---p 00000000 00:00 0 
524c3000-52660000 rw-p 00000000 00:00 0 
52660000-52663000 ---p 00000000 00:00 0 
52663000-52800000 rw-p 00000000 00:00 0 
52800000-52803000 ---p 00000000 00:00 0 
52803000-529a0000 rw-p 00000000 00:00 0 
529a0000-529a3000 ---p 00000000 00:00 0 
529a3000-52b40000 rw-p 00000000 00:00 0 
52b40000-52b43000 ---p 00000000 00:00 0 
52b43000-52ce0000 rw-p 00000000 00:00 0 
52ce0000-52ce3000 ---p 00000000 00:00 0 
52ce3000-52e80000 rw-p 00000000 00:00 0 
52e80000-52e83000 ---p 00000000 00:00 0 
52e83000-53020000 rw-p 00000000 00:00 0 
53020000-53023000 ---p 00000000 00:00 0 
53023000-531c0000 rw-p 00000000 00:00 0 
531c0000-531c3000 ---p 00000000 00:00 0 
531c3000-53360000 rw-p 00000000 00:00 0 
53360000-53363000 ---p 00000000 00:00 0 
53363000-53500000 rw-p 00000000 00:00 0 
53500000-53529000 rw-p 00000000 00:00 0 
53529000-53600000 ---p 00000000 00:00 0 
536dc000-536df000 ---p 00000000 00:00 0 
536df000-53a3d000 rw-p 00000000 00:00 0 
53a3d000-53a9f000 r-xp 00000000 b3:02 6589       /lib/arm-linux-gnueabihf/libpcre.so.3.13.1
53a9f000-53aae000 ---p 00062000 b3:02 6589       /lib/arm-linux-gnueabihf/libpcre.so.3.13.1
53aae000-53aaf000 r--p 00061000 b3:02 6589       /lib/arm-linux-gnueabihf/libpcre.so.3.13.1
53aaf000-53ab0000 rw-p 00062000 b3:02 6589       /lib/arm-linux-gnueabihf/libpcre.so.3.13.1
53ab0000-53ba2000 r-xp 00000000 b3:02 6594       /lib/arm-linux-gnueabihf/libglib-2.0.so.0.4200.1
53ba2000-53bb1000 ---p 000f2000 b3:02 6594       /lib/arm-linux-gnueabihf/libglib-2.0.so.0.4200.1
53bb1000-53bb2000 r--p 000f1000 b3:02 6594       /lib/arm-linux-gnueabihf/libglib-2.0.so.0.4200.1
53bb2000-53bb3000 rw-p 000f2000 b3:02 6594       /lib/arm-linux-gnueabihf/libglib-2.0.so.0.4200.1
53bb3000-53ceb000 r-xp 00000000 b3:02 20765      /usr/lib/arm-linux-gnueabihf/libgio-2.0.so.0.4200.1
53ceb000-53cfb000 ---p 00138000 b3:02 20765      /usr/lib/arm-linux-gnueabihf/libgio-2.0.so.0.4200.1
53cfb000-53cfd000 r--p 00138000 b3:02 20765      /usr/lib/arm-linux-gnueabihf/libgio-2.0.so.0.4200.1
53cfd000-53cff000 rw-p 0013a000 b3:02 20765      /usr/lib/arm-linux-gnueabihf/libgio-2.0.so.0.4200.1
53cff000-53d00000 rw-p 00000000 00:00 0 
53d00000-53d21000 rw-p 00000000 00:00 0 
53d21000-53e00000 ---p 00000000 00:00 0 
53e00000-53f00000 rw-p 00000000 00:00 0 
53f00000-53f21000 rw-p 00000000 00:00 0 
53f21000-54000000 ---p 00000000 00:00 0 
54060000-54063000 ---p 00000000 00:00 0 
54063000-54200000 rw-p 00000000 00:00 0 
54200000-54221000 rw-p 00000000 00:00 0 
54221000-54300000 ---p 00000000 00:00 0 
54305000-54317000 r-xp 00000000 b3:02 23786      /lib/arm-linux-gnueabihf/libresolv-2.19.so
54317000-54326000 ---p 00012000 b3:02 23786      /lib/arm-linux-gnueabihf/libresolv-2.19.so
54326000-54327000 r--p 00011000 b3:02 23786      /lib/arm-linux-gnueabihf/libresolv-2.19.so
54327000-54328000 rw-p 00012000 b3:02 23786      /lib/arm-linux-gnueabihf/libresolv-2.19.so
54328000-5432a000 rw-p 00000000 00:00 0 
5432a000-54345000 r-xp 00000000 b3:02 6730       /lib/arm-linux-gnueabihf/libselinux.so.1
54345000-54354000 ---p 0001b000 b3:02 6730       /lib/arm-linux-gnueabihf/libselinux.so.1
54354000-54355000 r--p 0001a000 b3:02 6730       /lib/arm-linux-gnueabihf/libselinux.so.1
54355000-54356000 rw-p 0001b000 b3:02 6730       /lib/arm-linux-gnueabihf/libselinux.so.1
54356000-54357000 rw-p 00000000 00:00 0 
54357000-543d7000 r--s 006ca000 b3:02 497955     /home/pirate/raspberry-broker/Broker-v6/client-0.0.jar
543d7000-543da000 ---p 00000000 00:00 0 
543da000-54577000 rw-p 00000000 00:00 0 
54577000-54700000 r--p 00000000 b3:02 18783      /usr/lib/locale/locale-archive
54700000-54721000 rw-p 00000000 00:00 0 
54721000-54800000 ---p 00000000 00:00 0 
54806000-5484f000 r-xp 00000000 b3:02 20763      /usr/lib/arm-linux-gnueabihf/libgobject-2.0.so.0.4200.1
5484f000-5485e000 ---p 00049000 b3:02 20763      /usr/lib/arm-linux-gnueabihf/libgobject-2.0.so.0.4200.1
5485e000-5485f000 r--p 00048000 b3:02 20763      /usr/lib/arm-linux-gnueabihf/libgobject-2.0.so.0.4200.1
5485f000-54860000 rw-p 00049000 b3:02 20763      /usr/lib/arm-linux-gnueabihf/libgobject-2.0.so.0.4200.1
54860000-54863000 ---p 00000000 00:00 0 
54863000-54a00000 rw-p 00000000 00:00 0 
54a00000-54a21000 rw-p 00000000 00:00 0 
54a21000-54b00000 ---p 00000000 00:00 0 
54b0a000-54b10000 r-xp 00000000 b3:02 20381      /usr/lib/arm-linux-gnueabihf/libffi.so.6.0.2
54b10000-54b18000 ---p 00006000 b3:02 20381      /usr/lib/arm-linux-gnueabihf/libffi.so.6.0.2
54b18000-54b19000 r--p 00006000 b3:02 20381      /usr/lib/arm-linux-gnueabihf/libffi.so.6.0.2
54b19000-54b1a000 rw-p 00007000 b3:02 20381      /usr/lib/arm-linux-gnueabihf/libffi.so.6.0.2
54b1a000-54b30000 r-xp 00000000 b3:02 970142     /usr/lib/jvm/java-7-openjdk-armhf/jre/lib/arm/libnet.so
54b30000-54b3f000 ---p 00016000 b3:02 970142     /usr/lib/jvm/java-7-openjdk-armhf/jre/lib/arm/libnet.so
54b3f000-54b40000 r--p 00015000 b3:02 970142     /usr/lib/jvm/java-7-openjdk-armhf/jre/lib/arm/libnet.so
54b40000-54b41000 rw-p 00016000 b3:02 970142     /usr/lib/jvm/java-7-openjdk-armhf/jre/lib/arm/libnet.so
54b41000-54b4f000 r-xp 00000000 b3:02 970143     /usr/lib/jvm/java-7-openjdk-armhf/jre/lib/arm/libnio.so
54b4f000-54b5e000 ---p 0000e000 b3:02 970143     /usr/lib/jvm/java-7-openjdk-armhf/jre/lib/arm/libnio.so
54b5e000-54b5f000 r--p 0000d000 b3:02 970143     /usr/lib/jvm/java-7-openjdk-armhf/jre/lib/arm/libnio.so
54b5f000-54b60000 rw-p 0000e000 b3:02 970143     /usr/lib/jvm/java-7-openjdk-armhf/jre/lib/arm/libnio.so
54b60000-54b63000 ---p 00000000 00:00 0 
54b63000-54d00000 rw-p 00000000 00:00 0 
54d00000-54d21000 rw-p 00000000 00:00 0 
54d21000-54e00000 ---p 00000000 00:00 0 
54e04000-54e07000 r-xp 00000000 b3:02 21116      /usr/lib/arm-linux-gnueabihf/libgmodule-2.0.so.0.4200.1
54e07000-54e16000 ---p 00003000 b3:02 21116      /usr/lib/arm-linux-gnueabihf/libgmodule-2.0.so.0.4200.1
54e16000-54e17000 r--p 00002000 b3:02 21116      /usr/lib/arm-linux-gnueabihf/libgmodule-2.0.so.0.4200.1
54e17000-54e18000 rw-p 00003000 b3:02 21116      /usr/lib/arm-linux-gnueabihf/libgmodule-2.0.so.0.4200.1
54e18000-54e19000 ---p 00000000 00:00 0 
54e19000-54e98000 rw-p 00000000 00:00 0 
54e98000-54e99000 ---p 00000000 00:00 0 
54e99000-54f61000 rw-p 00000000 00:00 0 
54f61000-55114000 r--s 01d04000 b3:02 970097     /usr/lib/jvm/java-7-openjdk-armhf/jre/lib/rt.jar
55114000-55174000 rw-p 00000000 00:00 0 
55174000-55200000 rw-p 00000000 00:00 0 
55200000-55680000 rw-p 00000000 00:00 0 
55680000-5e200000 rw-p 00000000 00:00 0 
5e200000-5eb00000 rw-p 00000000 00:00 0 
5eb00000-70200000 rw-p 00000000 00:00 0 
70200000-707c0000 rw-p 00000000 00:00 0 
707c0000-74200000 rw-p 00000000 00:00 0 
74207000-74209000 r--s 00018000 b3:02 970166     /usr/lib/jvm/java-7-openjdk-armhf/jre/lib/jce.jar
74209000-7420d000 r--s 0004e000 b3:02 970167     /usr/lib/jvm/java-7-openjdk-armhf/jre/lib/jsse.jar
7420d000-74210000 r--s 00087000 b3:02 970105     /usr/lib/jvm/java-7-openjdk-armhf/jre/lib/ext/localedata.jar
74210000-74214000 r--s 00033000 b3:02 970106     /usr/lib/jvm/java-7-openjdk-armhf/jre/lib/ext/sunjce_provider.jar
74214000-74218000 r--s 0003c000 b3:02 970103     /usr/lib/jvm/java-7-openjdk-armhf/jre/lib/ext/sunpkcs11.jar
74218000-7421b000 rw-p 00000000 00:00 0 
7421b000-74239000 rw-p 00000000 00:00 0 
74239000-7423c000 rw-p 00000000 00:00 0 
7423c000-74281000 rw-p 00000000 00:00 0 
74281000-74286000 rw-p 00000000 00:00 0 
74286000-74311000 rw-p 00000000 00:00 0 
74311000-74314000 rw-p 00000000 00:00 0 
74314000-74331000 rw-p 00000000 00:00 0 
74331000-74333000 rw-p 00000000 00:00 0 
74333000-743b2000 rw-p 00000000 00:00 0 
743b2000-743da000 rwxp 00000000 00:00 0 
743da000-763b2000 rw-p 00000000 00:00 0 
763b2000-763b9000 r-xp 00000000 b3:02 970147     /usr/lib/jvm/java-7-openjdk-armhf/jre/lib/arm/libzip.so
763b9000-763c8000 ---p 00007000 b3:02 970147     /usr/lib/jvm/java-7-openjdk-armhf/jre/lib/arm/libzip.so
763c8000-763c9000 r--p 00006000 b3:02 970147     /usr/lib/jvm/java-7-openjdk-armhf/jre/lib/arm/libzip.so
763c9000-763ca000 rw-p 00007000 b3:02 970147     /usr/lib/jvm/java-7-openjdk-armhf/jre/lib/arm/libzip.so
763ca000-763d5000 r-xp 00000000 b3:02 23781      /lib/arm-linux-gnueabihf/libnss_files-2.19.so
763d5000-763e4000 ---p 0000b000 b3:02 23781      /lib/arm-linux-gnueabihf/libnss_files-2.19.so
763e4000-763e5000 r--p 0000a000 b3:02 23781      /lib/arm-linux-gnueabihf/libnss_files-2.19.so
763e5000-763e6000 rw-p 0000b000 b3:02 23781      /lib/arm-linux-gnueabihf/libnss_files-2.19.so
763e6000-763ef000 r-xp 00000000 b3:02 23783      /lib/arm-linux-gnueabihf/libnss_nis-2.19.so
763ef000-763fe000 ---p 00009000 b3:02 23783      /lib/arm-linux-gnueabihf/libnss_nis-2.19.so
763fe000-763ff000 r--p 00008000 b3:02 23783      /lib/arm-linux-gnueabihf/libnss_nis-2.19.so
763ff000-76400000 rw-p 00009000 b3:02 23783      /lib/arm-linux-gnueabihf/libnss_nis-2.19.so
76400000-764ff000 rw-p 00000000 00:00 0 
764ff000-76500000 ---p 00000000 00:00 0 
76500000-76511000 r-xp 00000000 b3:02 23778      /lib/arm-linux-gnueabihf/libnsl-2.19.so
76511000-76520000 ---p 00011000 b3:02 23778      /lib/arm-linux-gnueabihf/libnsl-2.19.so
76520000-76521000 r--p 00010000 b3:02 23778      /lib/arm-linux-gnueabihf/libnsl-2.19.so
76521000-76522000 rw-p 00011000 b3:02 23778      /lib/arm-linux-gnueabihf/libnsl-2.19.so
76522000-76524000 rw-p 00000000 00:00 0 
76524000-7652b000 r-xp 00000000 b3:02 23779      /lib/arm-linux-gnueabihf/libnss_compat-2.19.so
7652b000-7653a000 ---p 00007000 b3:02 23779      /lib/arm-linux-gnueabihf/libnss_compat-2.19.so
7653a000-7653b000 r--p 00006000 b3:02 23779      /lib/arm-linux-gnueabihf/libnss_compat-2.19.so
7653b000-7653c000 rw-p 00007000 b3:02 23779      /lib/arm-linux-gnueabihf/libnss_compat-2.19.so
7653c000-76544000 rw-s 00000000 b3:02 1319       /tmp/hsperfdata_pirate/1284
76544000-76567000 r-xp 00000000 b3:02 970130     /usr/lib/jvm/java-7-openjdk-armhf/jre/lib/arm/libjava.so
76567000-76576000 ---p 00023000 b3:02 970130     /usr/lib/jvm/java-7-openjdk-armhf/jre/lib/arm/libjava.so
76576000-76577000 r--p 00022000 b3:02 970130     /usr/lib/jvm/java-7-openjdk-armhf/jre/lib/arm/libjava.so
76577000-76578000 rw-p 00023000 b3:02 970130     /usr/lib/jvm/java-7-openjdk-armhf/jre/lib/arm/libjava.so
76578000-76584000 r-xp 00000000 b3:02 970146     /usr/lib/jvm/java-7-openjdk-armhf/jre/lib/arm/libverify.so
76584000-76594000 ---p 0000c000 b3:02 970146     /usr/lib/jvm/java-7-openjdk-armhf/jre/lib/arm/libverify.so
76594000-76595000 r--p 0000c000 b3:02 970146     /usr/lib/jvm/java-7-openjdk-armhf/jre/lib/arm/libverify.so
76595000-76596000 rw-p 0000d000 b3:02 970146     /usr/lib/jvm/java-7-openjdk-armhf/jre/lib/arm/libverify.so
76596000-7659c000 r-xp 00000000 b3:02 23787      /lib/arm-linux-gnueabihf/librt-2.19.so
7659c000-765ab000 ---p 00006000 b3:02 23787      /lib/arm-linux-gnueabihf/librt-2.19.so
765ab000-765ac000 r--p 00005000 b3:02 23787      /lib/arm-linux-gnueabihf/librt-2.19.so
765ac000-765ad000 rw-p 00006000 b3:02 23787      /lib/arm-linux-gnueabihf/librt-2.19.so
765ad000-765b1000 ---p 00000000 00:00 0 
765b1000-7674d000 rw-p 00000000 00:00 0 
7674d000-7676a000 r-xp 00000000 b3:02 6531       /lib/arm-linux-gnueabihf/libgcc_s.so.1
7676a000-76779000 ---p 0001d000 b3:02 6531       /lib/arm-linux-gnueabihf/libgcc_s.so.1
76779000-7677a000 rw-p 0001c000 b3:02 6531       /lib/arm-linux-gnueabihf/libgcc_s.so.1
7677a000-767e3000 r-xp 00000000 b3:02 23776      /lib/arm-linux-gnueabihf/libm-2.19.so
767e3000-767f3000 ---p 00069000 b3:02 23776      /lib/arm-linux-gnueabihf/libm-2.19.so
767f3000-767f4000 r--p 00069000 b3:02 23776      /lib/arm-linux-gnueabihf/libm-2.19.so
767f4000-767f5000 rw-p 0006a000 b3:02 23776      /lib/arm-linux-gnueabihf/libm-2.19.so
767f5000-768b6000 r-xp 00000000 b3:02 20787      /usr/lib/arm-linux-gnueabihf/libstdc++.so.6.0.20
768b6000-768c5000 ---p 000c1000 b3:02 20787      /usr/lib/arm-linux-gnueabihf/libstdc++.so.6.0.20
768c5000-768c9000 r--p 000c0000 b3:02 20787      /usr/lib/arm-linux-gnueabihf/libstdc++.so.6.0.20
768c9000-768cb000 rw-p 000c4000 b3:02 20787      /usr/lib/arm-linux-gnueabihf/libstdc++.so.6.0.20
768cb000-768d1000 rw-p 00000000 00:00 0 
768d1000-76d2a000 r-xp 00000000 b3:02 970117     /usr/lib/jvm/java-7-openjdk-armhf/jre/lib/arm/server/libjvm.so
76d2a000-76d39000 ---p 00459000 b3:02 970117     /usr/lib/jvm/java-7-openjdk-armhf/jre/lib/arm/server/libjvm.so
76d39000-76d48000 r--p 00458000 b3:02 970117     /usr/lib/jvm/java-7-openjdk-armhf/jre/lib/arm/server/libjvm.so
76d48000-76d59000 rw-p 00467000 b3:02 970117     /usr/lib/jvm/java-7-openjdk-armhf/jre/lib/arm/server/libjvm.so
76d59000-76d68000 rw-p 00000000 00:00 0 
76d68000-76d7e000 r-xp 00000000 b3:02 6708       /lib/arm-linux-gnueabihf/libz.so.1.2.8
76d7e000-76d8d000 ---p 00016000 b3:02 6708       /lib/arm-linux-gnueabihf/libz.so.1.2.8
76d8d000-76d8e000 r--p 00015000 b3:02 6708       /lib/arm-linux-gnueabihf/libz.so.1.2.8
76d8e000-76d8f000 rw-p 00016000 b3:02 6708       /lib/arm-linux-gnueabihf/libz.so.1.2.8
76d8f000-76eba000 r-xp 00000000 b3:02 23772      /lib/arm-linux-gnueabihf/libc-2.19.so
76eba000-76eca000 ---p 0012b000 b3:02 23772      /lib/arm-linux-gnueabihf/libc-2.19.so
76eca000-76ecc000 r--p 0012b000 b3:02 23772      /lib/arm-linux-gnueabihf/libc-2.19.so
76ecc000-76ecd000 rw-p 0012d000 b3:02 23772      /lib/arm-linux-gnueabihf/libc-2.19.so
76ecd000-76ed0000 rw-p 00000000 00:00 0 
76ed0000-76ed2000 r-xp 00000000 b3:02 23775      /lib/arm-linux-gnueabihf/libdl-2.19.so
76ed2000-76ee1000 ---p 00002000 b3:02 23775      /lib/arm-linux-gnueabihf/libdl-2.19.so
76ee1000-76ee2000 r--p 00001000 b3:02 23775      /lib/arm-linux-gnueabihf/libdl-2.19.so
76ee2000-76ee3000 rw-p 00002000 b3:02 23775      /lib/arm-linux-gnueabihf/libdl-2.19.so
76ee3000-76eef000 r-xp 00000000 b3:02 970113     /usr/lib/jvm/java-7-openjdk-armhf/jre/lib/arm/jli/libjli.so
76eef000-76eff000 ---p 0000c000 b3:02 970113     /usr/lib/jvm/java-7-openjdk-armhf/jre/lib/arm/jli/libjli.so
76eff000-76f00000 r--p 0000c000 b3:02 970113     /usr/lib/jvm/java-7-openjdk-armhf/jre/lib/arm/jli/libjli.so
76f00000-76f01000 rw-p 0000d000 b3:02 970113     /usr/lib/jvm/java-7-openjdk-armhf/jre/lib/arm/jli/libjli.so
76f01000-76f15000 r-xp 00000000 b3:02 23791      /lib/arm-linux-gnueabihf/libpthread-2.19.so
76f15000-76f25000 ---p 00014000 b3:02 23791      /lib/arm-linux-gnueabihf/libpthread-2.19.so
76f25000-76f26000 r--p 00014000 b3:02 23791      /lib/arm-linux-gnueabihf/libpthread-2.19.so
76f26000-76f27000 rw-p 00015000 b3:02 23791      /lib/arm-linux-gnueabihf/libpthread-2.19.so
76f27000-76f29000 rw-p 00000000 00:00 0 
76f29000-76f49000 r-xp 00000000 b3:02 23769      /lib/arm-linux-gnueabihf/ld-2.19.so
76f4a000-76f4b000 r--s 00002000 b3:02 970104     /usr/lib/jvm/java-7-openjdk-armhf/jre/lib/ext/dnsns.jar
76f4b000-76f4d000 rw-p 00000000 00:00 0 
76f4d000-76f4e000 r--s 00012000 b3:02 970107     /usr/lib/jvm/java-7-openjdk-armhf/jre/lib/ext/zipfs.jar
76f4e000-76f50000 r--s 00006000 b3:02 968995     /usr/share/java/java-atk-wrapper.jar
76f50000-76f53000 r--s 0000f000 b3:02 970108     /usr/lib/jvm/java-7-openjdk-armhf/jre/lib/ext/icedtea-sound.jar
76f53000-76f54000 rw-p 00000000 00:00 0 
76f54000-76f55000 r--p 00000000 00:00 0 
76f55000-76f58000 rw-p 00000000 00:00 0 
76f58000-76f59000 r--p 0001f000 b3:02 23769      /lib/arm-linux-gnueabihf/ld-2.19.so
76f59000-76f5a000 rw-p 00020000 b3:02 23769      /lib/arm-linux-gnueabihf/ld-2.19.so
7edb8000-7edd9000 rw-p 00000000 00:00 0          [stack]
7ee33000-7ee34000 r-xp 00000000 00:00 0          [sigpage]
7ee34000-7ee35000 r--p 00000000 00:00 0          [vvar]
7ee35000-7ee36000 r-xp 00000000 00:00 0          [vdso]
ffff0000-ffff1000 r-xp 00000000 00:00 0          [vectors]

VM Arguments:
java_command: client-0.0.jar -m 192.168.2.15 -u 192.168.2.15 -r broker
Launcher Type: SUN_STANDARD

Environment Variables:
PATH=/usr/local/sbin:/usr/local/bin:/usr/sbin:/usr/bin:/sbin:/bin:/usr/local/games:/usr/games
SHELL=/bin/bash

Signal Handlers:
SIGSEGV: [libjvm.so+0x404314], sa_mask[0]=0x7ffbfeff, sa_flags=0x10000004
SIGBUS: [libjvm.so+0x404314], sa_mask[0]=0x7ffbfeff, sa_flags=0x10000004
SIGFPE: [libjvm.so+0x32c294], sa_mask[0]=0x7ffbfeff, sa_flags=0x10000004
SIGPIPE: [libjvm.so+0x32c294], sa_mask[0]=0x7ffbfeff, sa_flags=0x10000004
SIGXFSZ: [libjvm.so+0x32c294], sa_mask[0]=0x7ffbfeff, sa_flags=0x10000004
SIGILL: [libjvm.so+0x32c294], sa_mask[0]=0x7ffbfeff, sa_flags=0x10000004
SIGUSR1: SIG_DFL, sa_mask[0]=0x00000000, sa_flags=0x00000000
SIGUSR2: [libjvm.so+0x32c10c], sa_mask[0]=0x00000000, sa_flags=0x10000004
SIGHUP: [libjvm.so+0x32c314], sa_mask[0]=0x7ffbfeff, sa_flags=0x10000004
SIGINT: [libjvm.so+0x32c314], sa_mask[0]=0x7ffbfeff, sa_flags=0x10000004
SIGTERM: [libjvm.so+0x32c314], sa_mask[0]=0x7ffbfeff, sa_flags=0x10000004
SIGQUIT: [libjvm.so+0x32c314], sa_mask[0]=0x7ffbfeff, sa_flags=0x10000004
SIGTRAP: SIG_DFL, sa_mask[0]=0x00000000, sa_flags=0x00000000


---------------  S Y S T E M  ---------------

OS:8.0

uname:Linux 4.4.39-hypriotos-v7+ #1 SMP PREEMPT Sun Dec 18 15:01:46 UTC 2016 armv7l
libc:glibc 2.19 NPTL 2.19 
rlimit: STACK 8192k, CORE 0k, NPROC 6828, NOFILE 65536, AS infinity
load average:0.00 0.02 0.00

/proc/meminfo:
MemTotal:         882632 kB
MemFree:          555624 kB
MemAvailable:     769760 kB
Buffers:           43104 kB
Cached:           179732 kB
SwapCached:            0 kB
Active:           179780 kB
Inactive:         114588 kB
Active(anon):      71752 kB
Inactive(anon):     5760 kB
Active(file):     108028 kB
Inactive(file):   108828 kB
Unevictable:           0 kB
Mlocked:               0 kB
SwapTotal:             0 kB
SwapFree:              0 kB
Dirty:              4336 kB
Writeback:             0 kB
AnonPages:         71648 kB
Mapped:            60396 kB
Shmem:              5864 kB
Slab:              19152 kB
SReclaimable:      11284 kB
SUnreclaim:         7868 kB
KernelStack:        1392 kB
PageTables:         1460 kB
NFS_Unstable:          0 kB
Bounce:                0 kB
WritebackTmp:          0 kB
CommitLimit:      441316 kB
Committed_AS:     445068 kB
VmallocTotal:    1179648 kB
VmallocUsed:           0 kB
VmallocChunk:          0 kB
CmaTotal:           8192 kB
CmaFree:            3724 kB


CPU:total 4 

/proc/cpuinfo:
processor	: 0
model name	: ARMv7 Processor rev 4 (v7l)
BogoMIPS	: 38.40
Features	: half thumb fastmult vfp edsp neon vfpv3 tls vfpv4 idiva idivt vfpd32 lpae evtstrm crc32 
CPU implementer	: 0x41
CPU architecture: 7
CPU variant	: 0x0
CPU part	: 0xd03
CPU revision	: 4

processor	: 1
model name	: ARMv7 Processor rev 4 (v7l)
BogoMIPS	: 38.40
Features	: half thumb fastmult vfp edsp neon vfpv3 tls vfpv4 idiva idivt vfpd32 lpae evtstrm crc32 
CPU implementer	: 0x41
CPU architecture: 7
CPU variant	: 0x0
CPU part	: 0xd03
CPU revision	: 4

processor	: 2
model name	: ARMv7 Processor rev 4 (v7l)
BogoMIPS	: 38.40
Features	: half thumb fastmult vfp edsp neon vfpv3 tls vfpv4 idiva idivt vfpd32 lpae evtstrm crc32 
CPU implementer	: 0x41
CPU architecture: 7
CPU variant	: 0x0
CPU part	: 0xd03
CPU revision	: 4

processor	: 3
model name	: ARMv7 Processor rev 4 (v7l)
BogoMIPS	: 38.40
Features	: half thumb fastmult vfp edsp neon vfpv3 tls vfpv4 idiva idivt vfpd32 lpae evtstrm crc32 
CPU implementer	: 0x41
CPU architecture: 7
CPU variant	: 0x0
CPU part	: 0xd03
CPU revision	: 4

Hardware	: BCM2709
Revision	: a02082
Serial		: 00000000c0fd51bb


Memory: 4k page, physical 882632k(555624k free), swap 0k(0k free)

vm_info: OpenJDK Zero VM (24.121-b00) for linux-arm-vfp JRE (1.7.0_121-b00), built on Feb 24 2017 02:11:31 by "autoforwardporter" with gcc 4.9.2

time: Mon May 29 08:35:57 2017
elapsed time: 348 seconds

